2025-03-21 20:52:33,999 - ToolsGet - INFO - 3512 yüklü paket bulundu
2025-03-21 21:00:56,932 - ToolsGet - INFO - 3512 yüklü paket bulundu
2025-03-21 21:02:28,229 - ToolsGet - INFO - 3512 yüklü paket bulundu
2025-03-21 21:02:29,579 - ToolsGet - INFO - 3512 yüklü paket bulundu
2025-03-21 21:02:53,824 - ToolsGet - INFO - 3512 yüklü paket bulundu
2025-03-21 21:03:37,582 - ToolsGet - INFO - 3512 yüklü paket bulundu
2025-03-21 21:03:42,647 - ToolsGet - INFO - 3512 yüklü paket bulundu
2025-03-21 21:04:05,569 - ToolsGet - INFO - 3512 yüklü paket bulundu
2025-03-21 21:04:58,601 - ToolsGet - INFO - 3512 yüklü paket bulundu
2025-03-21 21:05:38,155 - ToolsGet - INFO - 3512 yüklü paket bulundu
2025-03-21 21:06:36,486 - ToolsGet - INFO - 3512 yüklü paket bulundu
2025-03-21 21:06:37,341 - ToolsGet - INFO - 3512 yüklü paket bulundu
2025-03-21 21:07:01,868 - ToolsGet - INFO - 3512 yüklü paket bulundu
2025-03-21 21:08:23,695 - ToolsGet - INFO - 3512 yüklü paket bulundu
2025-03-21 21:09:19,888 - ToolsGet - INFO - 3512 yüklü paket bulundu
2025-03-21 21:10:24,334 - ToolsGet - INFO - 3512 yüklü paket bulundu
2025-03-21 21:11:20,577 - ToolsGet - INFO - 3512 yüklü paket bulundu
2025-03-21 21:11:21,467 - ToolsGet - INFO - 3512 yüklü paket bulundu
2025-03-22 07:59:17,101 - ToolsGet - ERROR - Uygulama başlatılırken hata oluştu: module 'tkinter' has no attribute 'font'
2025-03-22 07:59:17,101 - ToolsGet - ERROR - Kritik hata: module 'tkinter' has no attribute 'font'
2025-03-22 08:03:28,037 - ToolsGet - ERROR - Uygulama başlatılırken hata oluştu: unknown option "-background"
Traceback (most recent call last):
  File "/home/arslan/Masaüstü/Pardus/main.py", line 57, in initialize_app
    app = MainWindow(root)
  File "/home/arslan/Masaüstü/Pardus/mainwindow.py", line 172, in __init__
    self.create_content()
    ~~~~~~~~~~~~~~~~~~~^^
  File "/home/arslan/Masaüstü/Pardus/mainwindow.py", line 253, in create_content
    search_button = RoundedButton(search_frame, text="Ara", command=self.search_package,
                                 width=80, height=30, bg=self.style.primary)
  File "/home/arslan/Masaüstü/Pardus/ui_components.py", line 117, in __init__
    highlightthickness=0, bg=parent["background"], **kwargs)
                             ~~~~~~^^^^^^^^^^^^^^
  File "/usr/lib/python3.13/tkinter/__init__.py", line 1831, in cget
    return self.tk.call(self._w, 'cget', '-' + key)
           ~~~~~~~~~~~~^^^^^^^^^^^^^^^^^^^^^^^^^^^^
_tkinter.TclError: unknown option "-background"

2025-03-22 08:03:29,690 - ToolsGet - ERROR - Kritik hata: unknown option "-background"
Traceback (most recent call last):
  File "/home/arslan/Masaüstü/Pardus/main.py", line 75, in main
    root, app = initialize_app()
                ~~~~~~~~~~~~~~^^
  File "/home/arslan/Masaüstü/Pardus/main.py", line 57, in initialize_app
    app = MainWindow(root)
  File "/home/arslan/Masaüstü/Pardus/mainwindow.py", line 172, in __init__
    self.create_content()
    ~~~~~~~~~~~~~~~~~~~^^
  File "/home/arslan/Masaüstü/Pardus/mainwindow.py", line 253, in create_content
    search_button = RoundedButton(search_frame, text="Ara", command=self.search_package,
                                 width=80, height=30, bg=self.style.primary)
  File "/home/arslan/Masaüstü/Pardus/ui_components.py", line 117, in __init__
    highlightthickness=0, bg=parent["background"], **kwargs)
                             ~~~~~~^^^^^^^^^^^^^^
  File "/usr/lib/python3.13/tkinter/__init__.py", line 1831, in cget
    return self.tk.call(self._w, 'cget', '-' + key)
           ~~~~~~~~~~~~^^^^^^^^^^^^^^^^^^^^^^^^^^^^
_tkinter.TclError: unknown option "-background"

2025-03-22 08:13:40,461 - ToolsGet - ERROR - Uygulama başlatılırken hata oluştu: unknown option "-background"
Traceback (most recent call last):
  File "/home/arslan/Masaüstü/Pardus/main.py", line 57, in initialize_app
    app = MainWindow(root)
  File "/home/arslan/Masaüstü/Pardus/mainwindow.py", line 172, in __init__
    self.create_content()
    ~~~~~~~~~~~~~~~~~~~^^
  File "/home/arslan/Masaüstü/Pardus/mainwindow.py", line 253, in create_content
    search_button = RoundedButton(search_frame, text="Ara", command=self.search_package,
                                 width=80, height=30, bg=self.style.primary)
  File "/home/arslan/Masaüstü/Pardus/ui_components.py", line 115, in __init__
    highlightthickness=0, bg=parent["background"], **kwargs)
                             ~~~~~~^^^^^^^^^^^^^^
  File "/usr/lib/python3.13/tkinter/__init__.py", line 1831, in cget
    return self.tk.call(self._w, 'cget', '-' + key)
           ~~~~~~~~~~~~^^^^^^^^^^^^^^^^^^^^^^^^^^^^
_tkinter.TclError: unknown option "-background"

2025-03-22 08:13:41,667 - ToolsGet - ERROR - Kritik hata: unknown option "-background"
Traceback (most recent call last):
  File "/home/arslan/Masaüstü/Pardus/main.py", line 75, in main
    root, app = initialize_app()
                ~~~~~~~~~~~~~~^^
  File "/home/arslan/Masaüstü/Pardus/main.py", line 57, in initialize_app
    app = MainWindow(root)
  File "/home/arslan/Masaüstü/Pardus/mainwindow.py", line 172, in __init__
    self.create_content()
    ~~~~~~~~~~~~~~~~~~~^^
  File "/home/arslan/Masaüstü/Pardus/mainwindow.py", line 253, in create_content
    search_button = RoundedButton(search_frame, text="Ara", command=self.search_package,
                                 width=80, height=30, bg=self.style.primary)
  File "/home/arslan/Masaüstü/Pardus/ui_components.py", line 115, in __init__
    highlightthickness=0, bg=parent["background"], **kwargs)
                             ~~~~~~^^^^^^^^^^^^^^
  File "/usr/lib/python3.13/tkinter/__init__.py", line 1831, in cget
    return self.tk.call(self._w, 'cget', '-' + key)
           ~~~~~~~~~~~~^^^^^^^^^^^^^^^^^^^^^^^^^^^^
_tkinter.TclError: unknown option "-background"

2025-03-22 08:23:42,221 - ToolsGet - ERROR - Uygulama başlatılırken hata oluştu: unknown option "-background"
Traceback (most recent call last):
  File "/home/arslan/Masaüstü/Pardus/main.py", line 57, in initialize_app
    app = MainWindow(root)
  File "/home/arslan/Masaüstü/Pardus/mainwindow.py", line 172, in __init__
    self.create_content()
    ~~~~~~~~~~~~~~~~~~~^^
  File "/home/arslan/Masaüstü/Pardus/mainwindow.py", line 297, in create_content
    self.load_tools()
    ~~~~~~~~~~~~~~~^^
  File "/home/arslan/Masaüstü/Pardus/mainwindow.py", line 439, in load_tools
    bg=tool_frame["background"],
       ~~~~~~~~~~^^^^^^^^^^^^^^
  File "/usr/lib/python3.13/tkinter/__init__.py", line 1831, in cget
    return self.tk.call(self._w, 'cget', '-' + key)
           ~~~~~~~~~~~~^^^^^^^^^^^^^^^^^^^^^^^^^^^^
_tkinter.TclError: unknown option "-background"

2025-03-22 08:23:48,126 - ToolsGet - ERROR - Kritik hata: unknown option "-background"
Traceback (most recent call last):
  File "/home/arslan/Masaüstü/Pardus/main.py", line 75, in main
    root, app = initialize_app()
                ~~~~~~~~~~~~~~^^
  File "/home/arslan/Masaüstü/Pardus/main.py", line 57, in initialize_app
    app = MainWindow(root)
  File "/home/arslan/Masaüstü/Pardus/mainwindow.py", line 172, in __init__
    self.create_content()
    ~~~~~~~~~~~~~~~~~~~^^
  File "/home/arslan/Masaüstü/Pardus/mainwindow.py", line 297, in create_content
    self.load_tools()
    ~~~~~~~~~~~~~~~^^
  File "/home/arslan/Masaüstü/Pardus/mainwindow.py", line 439, in load_tools
    bg=tool_frame["background"],
       ~~~~~~~~~~^^^^^^^^^^^^^^
  File "/usr/lib/python3.13/tkinter/__init__.py", line 1831, in cget
    return self.tk.call(self._w, 'cget', '-' + key)
           ~~~~~~~~~~~~^^^^^^^^^^^^^^^^^^^^^^^^^^^^
_tkinter.TclError: unknown option "-background"

2025-03-22 08:29:12,235 - ToolsGet - ERROR - Uygulama başlatılırken hata oluştu: 'MainWindow' object has no attribute 'show_about'
Traceback (most recent call last):
  File "/home/arslan/Masaüstü/Pardus/main.py", line 57, in initialize_app
    app = MainWindow(root)
  File "/home/arslan/Masaüstü/Pardus/mainwindow.py", line 537, in __init__
    self.create_menu()
    ~~~~~~~~~~~~~~~~^^
  File "/home/arslan/Masaüstü/Pardus/mainwindow.py", line 631, in create_menu
    help_menu.add_command(label="Hakkında", command=self.show_about)
                                                    ^^^^^^^^^^^^^^^
AttributeError: 'MainWindow' object has no attribute 'show_about'

2025-03-22 08:29:14,148 - ToolsGet - ERROR - Kritik hata: 'MainWindow' object has no attribute 'show_about'
Traceback (most recent call last):
  File "/home/arslan/Masaüstü/Pardus/main.py", line 75, in main
    root, app = initialize_app()
                ~~~~~~~~~~~~~~^^
  File "/home/arslan/Masaüstü/Pardus/main.py", line 57, in initialize_app
    app = MainWindow(root)
  File "/home/arslan/Masaüstü/Pardus/mainwindow.py", line 537, in __init__
    self.create_menu()
    ~~~~~~~~~~~~~~~~^^
  File "/home/arslan/Masaüstü/Pardus/mainwindow.py", line 631, in create_menu
    help_menu.add_command(label="Hakkında", command=self.show_about)
                                                    ^^^^^^^^^^^^^^^
AttributeError: 'MainWindow' object has no attribute 'show_about'

2025-03-22 08:30:24,968 - ToolsGet - ERROR - Uygulama başlatılırken hata oluştu: 'MainWindow' object has no attribute 'show_about'
Traceback (most recent call last):
  File "/home/arslan/Masaüstü/Pardus/main.py", line 57, in initialize_app
    app = MainWindow(root)
  File "/home/arslan/Masaüstü/Pardus/mainwindow.py", line 537, in __init__
    self.create_menu()
    ~~~~~~~~~~~~~~~~^^
  File "/home/arslan/Masaüstü/Pardus/mainwindow.py", line 631, in create_menu
    help_menu.add_command(label="Hakkında", command=self.show_about)
                                                    ^^^^^^^^^^^^^^^
AttributeError: 'MainWindow' object has no attribute 'show_about'

2025-03-22 08:30:26,139 - ToolsGet - ERROR - Kritik hata: 'MainWindow' object has no attribute 'show_about'
Traceback (most recent call last):
  File "/home/arslan/Masaüstü/Pardus/main.py", line 75, in main
    root, app = initialize_app()
                ~~~~~~~~~~~~~~^^
  File "/home/arslan/Masaüstü/Pardus/main.py", line 57, in initialize_app
    app = MainWindow(root)
  File "/home/arslan/Masaüstü/Pardus/mainwindow.py", line 537, in __init__
    self.create_menu()
    ~~~~~~~~~~~~~~~~^^
  File "/home/arslan/Masaüstü/Pardus/mainwindow.py", line 631, in create_menu
    help_menu.add_command(label="Hakkında", command=self.show_about)
                                                    ^^^^^^^^^^^^^^^
AttributeError: 'MainWindow' object has no attribute 'show_about'

2025-03-22 08:31:07,574 - ToolsGet - ERROR - Uygulama başlatılırken hata oluştu: 'MainWindow' object has no attribute 'show_about'
Traceback (most recent call last):
  File "/home/arslan/Masaüstü/Pardus/main.py", line 57, in initialize_app
    app = MainWindow(root)
  File "/home/arslan/Masaüstü/Pardus/mainwindow.py", line 537, in __init__
    self.create_menu()
    ~~~~~~~~~~~~~~~~^^
  File "/home/arslan/Masaüstü/Pardus/mainwindow.py", line 631, in create_menu
    help_menu.add_command(label="Hakkında", command=self.show_about)
                                                    ^^^^^^^^^^^^^^^
AttributeError: 'MainWindow' object has no attribute 'show_about'

2025-03-22 08:31:29,863 - ToolsGet - ERROR - Kritik hata: 'MainWindow' object has no attribute 'show_about'
Traceback (most recent call last):
  File "/home/arslan/Masaüstü/Pardus/main.py", line 75, in main
    root, app = initialize_app()
                ~~~~~~~~~~~~~~^^
  File "/home/arslan/Masaüstü/Pardus/main.py", line 57, in initialize_app
    app = MainWindow(root)
  File "/home/arslan/Masaüstü/Pardus/mainwindow.py", line 537, in __init__
    self.create_menu()
    ~~~~~~~~~~~~~~~~^^
  File "/home/arslan/Masaüstü/Pardus/mainwindow.py", line 631, in create_menu
    help_menu.add_command(label="Hakkında", command=self.show_about)
                                                    ^^^^^^^^^^^^^^^
AttributeError: 'MainWindow' object has no attribute 'show_about'

2025-03-22 08:55:55,853 - ToolsGet - ERROR - Uygulama başlatılırken hata oluştu: unknown option "-bg"
Traceback (most recent call last):
  File "/home/arslan/Masaüstü/Pardus/main.py", line 57, in initialize_app
    app = MainWindow(root)
  File "/home/arslan/Masaüstü/Pardus/mainwindow.py", line 540, in __init__
    self.create_content()
    ~~~~~~~~~~~~~~~~~~~^^
  File "/home/arslan/Masaüstü/Pardus/mainwindow.py", line 676, in create_content
    search_button = RoundedButton(search_frame, text="Ara", command=self.search_package,
                                 width=80, height=30, bg=self.style.primary)
  File "/home/arslan/Masaüstü/Pardus/mainwindow.py", line 103, in __init__
    parent_bg = parent.cget("bg") if hasattr(parent, "cget") else "#f0f0f0"
                ~~~~~~~~~~~^^^^^^
  File "/usr/lib/python3.13/tkinter/__init__.py", line 1831, in cget
    return self.tk.call(self._w, 'cget', '-' + key)
           ~~~~~~~~~~~~^^^^^^^^^^^^^^^^^^^^^^^^^^^^
_tkinter.TclError: unknown option "-bg"

2025-03-22 08:55:59,506 - ToolsGet - ERROR - Kritik hata: unknown option "-bg"
Traceback (most recent call last):
  File "/home/arslan/Masaüstü/Pardus/main.py", line 75, in main
    root, app = initialize_app()
                ~~~~~~~~~~~~~~^^
  File "/home/arslan/Masaüstü/Pardus/main.py", line 57, in initialize_app
    app = MainWindow(root)
  File "/home/arslan/Masaüstü/Pardus/mainwindow.py", line 540, in __init__
    self.create_content()
    ~~~~~~~~~~~~~~~~~~~^^
  File "/home/arslan/Masaüstü/Pardus/mainwindow.py", line 676, in create_content
    search_button = RoundedButton(search_frame, text="Ara", command=self.search_package,
                                 width=80, height=30, bg=self.style.primary)
  File "/home/arslan/Masaüstü/Pardus/mainwindow.py", line 103, in __init__
    parent_bg = parent.cget("bg") if hasattr(parent, "cget") else "#f0f0f0"
                ~~~~~~~~~~~^^^^^^
  File "/usr/lib/python3.13/tkinter/__init__.py", line 1831, in cget
    return self.tk.call(self._w, 'cget', '-' + key)
           ~~~~~~~~~~~~^^^^^^^^^^^^^^^^^^^^^^^^^^^^
_tkinter.TclError: unknown option "-bg"

2025-03-22 09:03:41,431 - ToolsGet - ERROR - Uygulama başlatılırken hata oluştu: 'ModernTheme' object has no attribute 'bg_color'
Traceback (most recent call last):
  File "/home/arslan/Masaüstü/Pardus/main.py", line 57, in initialize_app
    app = MainWindow(root)
  File "/home/arslan/Masaüstü/Pardus/mainwindow.py", line 547, in __init__
    self.create_content()
    ~~~~~~~~~~~~~~~~~~~^^
  File "/home/arslan/Masaüstü/Pardus/mainwindow.py", line 657, in create_content
    logo_text = tk.Label(header_frame, text="🛠️", font=("Arial", 24), bg=self.style.bg_color)
                                                                         ^^^^^^^^^^^^^^^^^^^
AttributeError: 'ModernTheme' object has no attribute 'bg_color'. Did you mean: 'get_color'?

2025-03-22 09:03:43,527 - ToolsGet - ERROR - Kritik hata: 'ModernTheme' object has no attribute 'bg_color'
Traceback (most recent call last):
  File "/home/arslan/Masaüstü/Pardus/main.py", line 75, in main
    root, app = initialize_app()
                ~~~~~~~~~~~~~~^^
  File "/home/arslan/Masaüstü/Pardus/main.py", line 57, in initialize_app
    app = MainWindow(root)
  File "/home/arslan/Masaüstü/Pardus/mainwindow.py", line 547, in __init__
    self.create_content()
    ~~~~~~~~~~~~~~~~~~~^^
  File "/home/arslan/Masaüstü/Pardus/mainwindow.py", line 657, in create_content
    logo_text = tk.Label(header_frame, text="🛠️", font=("Arial", 24), bg=self.style.bg_color)
                                                                         ^^^^^^^^^^^^^^^^^^^
AttributeError: 'ModernTheme' object has no attribute 'bg_color'. Did you mean: 'get_color'?

2025-03-22 09:05:04,556 - ToolsGet - ERROR - Uygulama başlatılırken hata oluştu: 'ModernTheme' object has no attribute 'primary'
Traceback (most recent call last):
  File "/home/arslan/Masaüstü/Pardus/main.py", line 57, in initialize_app
    app = MainWindow(root)
  File "/home/arslan/Masaüstü/Pardus/mainwindow.py", line 547, in __init__
    self.create_content()
    ~~~~~~~~~~~~~~~~~~~^^
  File "/home/arslan/Masaüstü/Pardus/mainwindow.py", line 689, in create_content
    width=80, height=30, bg=self.style.primary)
                            ^^^^^^^^^^^^^^^^^^
AttributeError: 'ModernTheme' object has no attribute 'primary'

2025-03-22 09:05:08,848 - ToolsGet - ERROR - Kritik hata: 'ModernTheme' object has no attribute 'primary'
Traceback (most recent call last):
  File "/home/arslan/Masaüstü/Pardus/main.py", line 75, in main
    root, app = initialize_app()
                ~~~~~~~~~~~~~~^^
  File "/home/arslan/Masaüstü/Pardus/main.py", line 57, in initialize_app
    app = MainWindow(root)
  File "/home/arslan/Masaüstü/Pardus/mainwindow.py", line 547, in __init__
    self.create_content()
    ~~~~~~~~~~~~~~~~~~~^^
  File "/home/arslan/Masaüstü/Pardus/mainwindow.py", line 689, in create_content
    width=80, height=30, bg=self.style.primary)
                            ^^^^^^^^^^^^^^^^^^
AttributeError: 'ModernTheme' object has no attribute 'primary'

2025-03-22 09:10:31,407 - ToolsGet - ERROR - Uygulama başlatılırken hata oluştu: 'ModernTheme' object has no attribute 'primary'
Traceback (most recent call last):
  File "/home/arslan/Masaüstü/Pardus/main.py", line 57, in initialize_app
    app = MainWindow(root)
  File "/home/arslan/Masaüstü/Pardus/mainwindow.py", line 550, in __init__
    self.create_content()
    ~~~~~~~~~~~~~~~~~~~^^
  File "/home/arslan/Masaüstü/Pardus/mainwindow.py", line 692, in create_content
    width=80, height=30, bg=self.style.primary)
                            ^^^^^^^^^^^^^^^^^^
AttributeError: 'ModernTheme' object has no attribute 'primary'

2025-03-22 09:10:35,333 - ToolsGet - ERROR - Kritik hata: 'ModernTheme' object has no attribute 'primary'
Traceback (most recent call last):
  File "/home/arslan/Masaüstü/Pardus/main.py", line 75, in main
    root, app = initialize_app()
                ~~~~~~~~~~~~~~^^
  File "/home/arslan/Masaüstü/Pardus/main.py", line 57, in initialize_app
    app = MainWindow(root)
  File "/home/arslan/Masaüstü/Pardus/mainwindow.py", line 550, in __init__
    self.create_content()
    ~~~~~~~~~~~~~~~~~~~^^
  File "/home/arslan/Masaüstü/Pardus/mainwindow.py", line 692, in create_content
    width=80, height=30, bg=self.style.primary)
                            ^^^^^^^^^^^^^^^^^^
AttributeError: 'ModernTheme' object has no attribute 'primary'

2025-03-22 09:54:31,153 - ToolsGet - ERROR - Uygulama başlatılırken hata oluştu: 'ToolManager' object has no attribute 'icon_urls'
Traceback (most recent call last):
  File "/home/arslan/Masaüstü/Pardus/main.py", line 57, in initialize_app
    app = MainWindow(root)
  File "/home/arslan/Masaüstü/Pardus/mainwindow.py", line 222, in __init__
    self.tool_manager = ToolManager()
                        ~~~~~~~~~~~^^
  File "/home/arslan/Masaüstü/Pardus/tools.py", line 30, in __init__
    self.icon_urls.update({
    ^^^^^^^^^^^^^^
AttributeError: 'ToolManager' object has no attribute 'icon_urls'

2025-03-22 09:54:33,304 - ToolsGet - ERROR - Kritik hata: 'ToolManager' object has no attribute 'icon_urls'
Traceback (most recent call last):
  File "/home/arslan/Masaüstü/Pardus/main.py", line 75, in main
    root, app = initialize_app()
                ~~~~~~~~~~~~~~^^
  File "/home/arslan/Masaüstü/Pardus/main.py", line 57, in initialize_app
    app = MainWindow(root)
  File "/home/arslan/Masaüstü/Pardus/mainwindow.py", line 222, in __init__
    self.tool_manager = ToolManager()
                        ~~~~~~~~~~~^^
  File "/home/arslan/Masaüstü/Pardus/tools.py", line 30, in __init__
    self.icon_urls.update({
    ^^^^^^^^^^^^^^
AttributeError: 'ToolManager' object has no attribute 'icon_urls'

2025-03-22 10:35:26,936 - ToolsGet - ERROR - Uygulama başlatılırken hata oluştu: 'MainWindow' object has no attribute 'show_package_installer'
Traceback (most recent call last):
  File "/home/arslan/Masaüstü/Pardus/main.py", line 57, in initialize_app
    app = MainWindow(root)
  File "/home/arslan/Masaüstü/Pardus/mainwindow.py", line 231, in __init__
    self.create_menu()
    ~~~~~~~~~~~~~~~~^^
  File "/home/arslan/Masaüstü/Pardus/mainwindow.py", line 334, in create_menu
    tools_menu.add_command(label="Paket Yükleyici", command=self.show_package_installer)
                                                            ^^^^^^^^^^^^^^^^^^^^^^^^^^^
AttributeError: 'MainWindow' object has no attribute 'show_package_installer'. Did you mean: 'show_package_info'?

2025-03-22 10:35:29,903 - ToolsGet - ERROR - Kritik hata: 'MainWindow' object has no attribute 'show_package_installer'
Traceback (most recent call last):
  File "/home/arslan/Masaüstü/Pardus/main.py", line 75, in main
    root, app = initialize_app()
                ~~~~~~~~~~~~~~^^
  File "/home/arslan/Masaüstü/Pardus/main.py", line 57, in initialize_app
    app = MainWindow(root)
  File "/home/arslan/Masaüstü/Pardus/mainwindow.py", line 231, in __init__
    self.create_menu()
    ~~~~~~~~~~~~~~~~^^
  File "/home/arslan/Masaüstü/Pardus/mainwindow.py", line 334, in create_menu
    tools_menu.add_command(label="Paket Yükleyici", command=self.show_package_installer)
                                                            ^^^^^^^^^^^^^^^^^^^^^^^^^^^
AttributeError: 'MainWindow' object has no attribute 'show_package_installer'. Did you mean: 'show_package_info'?

2025-03-22 10:40:15,072 - ToolsGet - ERROR - Uygulama başlatılırken hata oluştu: 'ModernTheme' object has no attribute 'default_theme'
Traceback (most recent call last):
  File "/home/arslan/Masaüstü/Pardus/main.py", line 57, in initialize_app
    app = MainWindow(root)
  File "/home/arslan/Masaüstü/Pardus/mainwindow.py", line 204, in __init__
    self.style = ModernTheme()
                 ~~~~~~~~~~~^^
  File "/home/arslan/Masaüstü/Pardus/themes.py", line 24, in __init__
    self.active_theme = theme_config if theme_config else self.default_theme
                                                          ^^^^^^^^^^^^^^^^^^
AttributeError: 'ModernTheme' object has no attribute 'default_theme'

2025-03-22 10:40:16,668 - ToolsGet - ERROR - Kritik hata: 'ModernTheme' object has no attribute 'default_theme'
Traceback (most recent call last):
  File "/home/arslan/Masaüstü/Pardus/main.py", line 75, in main
    root, app = initialize_app()
                ~~~~~~~~~~~~~~^^
  File "/home/arslan/Masaüstü/Pardus/main.py", line 57, in initialize_app
    app = MainWindow(root)
  File "/home/arslan/Masaüstü/Pardus/mainwindow.py", line 204, in __init__
    self.style = ModernTheme()
                 ~~~~~~~~~~~^^
  File "/home/arslan/Masaüstü/Pardus/themes.py", line 24, in __init__
    self.active_theme = theme_config if theme_config else self.default_theme
                                                          ^^^^^^^^^^^^^^^^^^
AttributeError: 'ModernTheme' object has no attribute 'default_theme'

2025-03-22 10:42:28,262 - ToolsGet - ERROR - Uygulama başlatılırken hata oluştu: 'ModernTheme' object has no attribute 'active_theme'
Traceback (most recent call last):
  File "/home/arslan/Masaüstü/Pardus/main.py", line 57, in initialize_app
    app = MainWindow(root)
  File "/home/arslan/Masaüstü/Pardus/mainwindow.py", line 199, in __init__
    self.style = ModernTheme()
                 ~~~~~~~~~~~^^
  File "/home/arslan/Masaüstü/Pardus/themes.py", line 28, in __init__
    self._apply_theme()
    ~~~~~~~~~~~~~~~~~^^
  File "/home/arslan/Masaüstü/Pardus/themes.py", line 40, in _apply_theme
    colors = self.active_theme.colors
             ^^^^^^^^^^^^^^^^^
AttributeError: 'ModernTheme' object has no attribute 'active_theme'

2025-03-22 10:42:29,873 - ToolsGet - ERROR - Kritik hata: 'ModernTheme' object has no attribute 'active_theme'
Traceback (most recent call last):
  File "/home/arslan/Masaüstü/Pardus/main.py", line 75, in main
    root, app = initialize_app()
                ~~~~~~~~~~~~~~^^
  File "/home/arslan/Masaüstü/Pardus/main.py", line 57, in initialize_app
    app = MainWindow(root)
  File "/home/arslan/Masaüstü/Pardus/mainwindow.py", line 199, in __init__
    self.style = ModernTheme()
                 ~~~~~~~~~~~^^
  File "/home/arslan/Masaüstü/Pardus/themes.py", line 28, in __init__
    self._apply_theme()
    ~~~~~~~~~~~~~~~~~^^
  File "/home/arslan/Masaüstü/Pardus/themes.py", line 40, in _apply_theme
    colors = self.active_theme.colors
             ^^^^^^^^^^^^^^^^^
AttributeError: 'ModernTheme' object has no attribute 'active_theme'

2025-03-22 10:44:57,022 - ToolsGet - ERROR - Uygulama başlatılırken hata oluştu: 'text_secondary'
Traceback (most recent call last):
  File "/home/arslan/Masaüstü/Pardus/main.py", line 57, in initialize_app
    app = MainWindow(root)
  File "/home/arslan/Masaüstü/Pardus/mainwindow.py", line 196, in __init__
    self.style = ModernTheme()
                 ~~~~~~~~~~~^^
  File "/home/arslan/Masaüstü/Pardus/themes.py", line 24, in __init__
    self._apply_theme()
    ~~~~~~~~~~~~~~~~~^^
  File "/home/arslan/Masaüstü/Pardus/themes.py", line 38, in _apply_theme
    ("disabled", self.colors["text_secondary"])])
                 ~~~~~~~~~~~^^^^^^^^^^^^^^^^^^
KeyError: 'text_secondary'

2025-03-22 10:44:58,354 - ToolsGet - ERROR - Kritik hata: 'text_secondary'
Traceback (most recent call last):
  File "/home/arslan/Masaüstü/Pardus/main.py", line 75, in main
    root, app = initialize_app()
                ~~~~~~~~~~~~~~^^
  File "/home/arslan/Masaüstü/Pardus/main.py", line 57, in initialize_app
    app = MainWindow(root)
  File "/home/arslan/Masaüstü/Pardus/mainwindow.py", line 196, in __init__
    self.style = ModernTheme()
                 ~~~~~~~~~~~^^
  File "/home/arslan/Masaüstü/Pardus/themes.py", line 24, in __init__
    self._apply_theme()
    ~~~~~~~~~~~~~~~~~^^
  File "/home/arslan/Masaüstü/Pardus/themes.py", line 38, in _apply_theme
    ("disabled", self.colors["text_secondary"])])
                 ~~~~~~~~~~~^^^^^^^^^^^^^^^^^^
KeyError: 'text_secondary'

2025-03-22 10:47:23,207 - ToolsGet - ERROR - Uygulama başlatılırken hata oluştu: 'ModernTheme' object has no attribute 'active_theme'
Traceback (most recent call last):
  File "/home/arslan/Masaüstü/Pardus/main.py", line 57, in initialize_app
    app = MainWindow(root)
  File "/home/arslan/Masaüstü/Pardus/mainwindow.py", line 198, in __init__
    self.style = ModernTheme()
                 ~~~~~~~~~~~^^
  File "/home/arslan/Masaüstü/Pardus/themes.py", line 28, in __init__
    self._apply_theme()
    ~~~~~~~~~~~~~~~~~^^
  File "/home/arslan/Masaüstü/Pardus/themes.py", line 73, in _apply_theme
    font=self.active_theme.fonts["body"])
         ^^^^^^^^^^^^^^^^^
AttributeError: 'ModernTheme' object has no attribute 'active_theme'

2025-03-22 10:47:27,044 - ToolsGet - ERROR - Kritik hata: 'ModernTheme' object has no attribute 'active_theme'
Traceback (most recent call last):
  File "/home/arslan/Masaüstü/Pardus/main.py", line 75, in main
    root, app = initialize_app()
                ~~~~~~~~~~~~~~^^
  File "/home/arslan/Masaüstü/Pardus/main.py", line 57, in initialize_app
    app = MainWindow(root)
  File "/home/arslan/Masaüstü/Pardus/mainwindow.py", line 198, in __init__
    self.style = ModernTheme()
                 ~~~~~~~~~~~^^
  File "/home/arslan/Masaüstü/Pardus/themes.py", line 28, in __init__
    self._apply_theme()
    ~~~~~~~~~~~~~~~~~^^
  File "/home/arslan/Masaüstü/Pardus/themes.py", line 73, in _apply_theme
    font=self.active_theme.fonts["body"])
         ^^^^^^^^^^^^^^^^^
AttributeError: 'ModernTheme' object has no attribute 'active_theme'

2025-03-22 10:49:36,062 - ToolsGet - ERROR - Uygulama başlatılırken hata oluştu: 'ModernTheme' object has no attribute 'primary'
Traceback (most recent call last):
  File "/home/arslan/Masaüstü/Pardus/main.py", line 57, in initialize_app
    app = MainWindow(root)
  File "/home/arslan/Masaüstü/Pardus/mainwindow.py", line 230, in __init__
    self.create_content()
    ~~~~~~~~~~~~~~~~~~~^^
  File "/home/arslan/Masaüstü/Pardus/mainwindow.py", line 473, in create_content
    width=100, height=30, bg=self.style.primary)
                             ^^^^^^^^^^^^^^^^^^
AttributeError: 'ModernTheme' object has no attribute 'primary'

2025-03-22 10:49:42,646 - ToolsGet - ERROR - Kritik hata: 'ModernTheme' object has no attribute 'primary'
Traceback (most recent call last):
  File "/home/arslan/Masaüstü/Pardus/main.py", line 75, in main
    root, app = initialize_app()
                ~~~~~~~~~~~~~~^^
  File "/home/arslan/Masaüstü/Pardus/main.py", line 57, in initialize_app
    app = MainWindow(root)
  File "/home/arslan/Masaüstü/Pardus/mainwindow.py", line 230, in __init__
    self.create_content()
    ~~~~~~~~~~~~~~~~~~~^^
  File "/home/arslan/Masaüstü/Pardus/mainwindow.py", line 473, in create_content
    width=100, height=30, bg=self.style.primary)
                             ^^^^^^^^^^^^^^^^^^
AttributeError: 'ModernTheme' object has no attribute 'primary'

